2021-01-12 09:38:41,261 [main][][][][] WARN [StartupInfoLogger.java:116] InetAddress.getLocalHost().getHostName() took 5007 milliseconds to respond. Please verify your network configuration (macOS machines may need to add entries to /etc/hosts).
2021-01-12 09:38:46,270 [main][][][][] INFO [StartupInfoLogger.java:55] Starting BackendApplication on raghvendras-MacBook-Pro.local with PID 76985 (/Users/raghvendra.mishra/Data/Project/LarzTalk/backend/build/classes/java/main started by raghvendra.mishra in /Users/raghvendra.mishra/Data/Project/LarzTalk/backend)
2021-01-12 09:38:46,271 [main][][][][] INFO [SpringApplication.java:651] No active profile set, falling back to default profiles: default
2021-01-12 09:38:46,335 [main][][][][] INFO [ApplicationPropertiesListener.java:18] pre application initialization : start
2021-01-12 09:38:47,393 [main][][][][] INFO [SecretsManagerService.java:40] secret name = dev-sms-rdsinstance1
2021-01-12 09:38:47,393 [main][][][][] INFO [SecretsManagerService.java:48] Secret for key [dev-sms-rdsinstance1] in Region [secretsmanager]
2021-01-12 09:38:48,253 [main][][][][] INFO [ApplicationPropertiesListener.java:25] pre application initialization : end
2021-01-12 09:38:49,572 [main][][][][] INFO [RepositoryConfigurationDelegate.java:127] Bootstrapping Spring Data JPA repositories in DEFAULT mode.
2021-01-12 09:38:49,763 [main][][][][] INFO [RepositoryConfigurationDelegate.java:187] Finished Spring Data repository scanning in 179ms. Found 13 JPA repository interfaces.
2021-01-12 09:38:50,339 [main][][][][] INFO [PostProcessorRegistrationDelegate.java:330] Bean 'org.springframework.transaction.annotation.ProxyTransactionManagementConfiguration' of type [org.springframework.transaction.annotation.ProxyTransactionManagementConfiguration] is not eligible for getting processed by all BeanPostProcessors (for example: not eligible for auto-proxying)
2021-01-12 09:38:50,802 [main][][][][] INFO [TomcatWebServer.java:92] Tomcat initialized with port(s): 8080 (http)
2021-01-12 09:38:50,842 [main][][][][] INFO [DirectJDKLog.java:173] Initializing ProtocolHandler ["http-nio-8080"]
2021-01-12 09:38:50,842 [main][][][][] INFO [DirectJDKLog.java:173] Starting service [Tomcat]
2021-01-12 09:38:50,843 [main][][][][] INFO [DirectJDKLog.java:173] Starting Servlet engine: [Apache Tomcat/9.0.29]
2021-01-12 09:38:51,091 [main][][][][] INFO [DirectJDKLog.java:173] Initializing Spring embedded WebApplicationContext
2021-01-12 09:38:51,091 [main][][][][] INFO [ServletWebServerApplicationContext.java:284] Root WebApplicationContext: initialization completed in 2837 ms
2021-01-12 09:38:51,428 [main][][][][] INFO [LogHelper.java:31] HHH000204: Processing PersistenceUnitInfo [name: default]
2021-01-12 09:38:51,714 [main][][][][] INFO [Version.java:46] HHH000412: Hibernate Core {5.4.9.Final}
2021-01-12 09:38:53,179 [main][][][][] INFO [JavaReflectionManager.java:49] HCANN000001: Hibernate Commons Annotations {5.1.0.Final}
2021-01-12 09:38:54,041 [main][][][][] INFO [HikariDataSource.java:110] HikariPool-1 - Starting...
2021-01-12 09:38:55,732 [main][][][][] INFO [HikariDataSource.java:123] HikariPool-1 - Start completed.
2021-01-12 09:38:55,858 [main][][][][] INFO [Dialect.java:172] HHH000400: Using dialect: org.hibernate.dialect.PostgreSQL95Dialect
2021-01-12 09:39:08,070 [main][][][][] WARN [Configuration.java:281] You should use Hypersistence Optimizer to speed up your Hibernate application!
2021-01-12 09:39:08,071 [main][][][][] WARN [Configuration.java:282] For more details, go to https://vladmihalcea.com/hypersistence-optimizer/
2021-01-12 09:39:08,071 [main][][][][] INFO [Configuration.java:284] 
 _    _                           _     _
| |  | |                         (_)   | |
| |__| |_   _ _ __   ___ _ __ ___ _ ___| |_ ___ _ __   ___ ___
|  __  | | | | '_ \ / _ \ '__/ __| / __| __/ _ \ '_ \ / __/ _ \
| |  | | |_| | |_) |  __/ |  \__ \ \__ \ ||  __/ | | | (_|  __/
|_|  |_|\__, | .__/ \___|_|  |___/_|___/\__\___|_| |_|\___\___|
         __/ | |
        |___/|_|

           ____        _   _           _
          / __ \      | | (_)         (_)
         | |  | |_ __ | |_ _ _ __ ___  _ _______ _ __
         | |  | | '_ \| __| | '_ ` _ \| |_  / _ \ '__|
         | |__| | |_) | |_| | | | | | | |/ /  __/ |
          \____/| .__/ \__|_|_| |_| |_|_/___\___|_|
                | |
                |_|

2021-01-12 09:39:08,071 [main][][][][] INFO [Configuration.java:308] Check out the README page for more info about the Hypersistence Optimizer banner https://github.com/vladmihalcea/hibernate-types#how-to-remove-the-hypersistence-optimizer-banner-from-the-log
2021-01-12 09:39:09,646 [main][][][][] INFO [JtaPlatformInitiator.java:52] HHH000490: Using JtaPlatform implementation: [org.hibernate.engine.transaction.jta.platform.internal.NoJtaPlatform]
2021-01-12 09:39:09,655 [main][][][][] INFO [AbstractEntityManagerFactoryBean.java:416] Initialized JPA EntityManagerFactory for persistence unit 'default'
2021-01-12 09:39:11,537 [main][][][][] WARN [JpaBaseConfiguration.java:220] spring.jpa.open-in-view is enabled by default. Therefore, database queries may be performed during view rendering. Explicitly configure spring.jpa.open-in-view to disable this warning
2021-01-12 09:39:11,829 [main][][][][] INFO [ExecutorConfigurationSupport.java:171] Initializing ExecutorService 'applicationTaskExecutor'
2021-01-12 09:39:12,462 [main][][][][] INFO [DirectJDKLog.java:173] Starting ProtocolHandler ["http-nio-8080"]
2021-01-12 09:39:12,526 [main][][][][] INFO [TomcatWebServer.java:204] Tomcat started on port(s): 8080 (http) with context path ''
2021-01-12 09:39:12,529 [main][][][][] INFO [StartupInfoLogger.java:61] Started BackendApplication in 46.861 seconds (JVM running for 47.85)
2021-01-12 14:15:32,505 [HikariPool-1 housekeeper][][][][] WARN [HikariPool.java:787] HikariPool-1 - Thread starvation or clock leap detected (housekeeper delta=4h8m6s361ms).
2021-01-12 16:08:01,298 [HikariPool-1 housekeeper][][][][] WARN [HikariPool.java:787] HikariPool-1 - Thread starvation or clock leap detected (housekeeper delta=40m27s344ms).
2021-01-12 16:10:08,625 [SpringContextShutdownHook][][][][] INFO [ExecutorConfigurationSupport.java:208] Shutting down ExecutorService 'applicationTaskExecutor'
2021-01-12 16:10:08,715 [SpringContextShutdownHook][][][][] INFO [AbstractEntityManagerFactoryBean.java:598] Closing JPA EntityManagerFactory for persistence unit 'default'
2021-01-12 16:10:08,804 [SpringContextShutdownHook][][][][] INFO [HikariDataSource.java:350] HikariPool-1 - Shutdown initiated...
2021-01-12 16:10:08,857 [SpringContextShutdownHook][][][][] INFO [HikariDataSource.java:352] HikariPool-1 - Shutdown completed.
2021-03-22 08:51:05,775 [main][][][][] WARN [StartupInfoLogger.java:116] InetAddress.getLocalHost().getHostName() took 5006 milliseconds to respond. Please verify your network configuration (macOS machines may need to add entries to /etc/hosts).
2021-03-22 08:51:10,786 [main][][][][] INFO [StartupInfoLogger.java:55] Starting BackendApplication on raghvendras-MacBook-Pro.local with PID 53243 (/Users/raghvendra.mishra/Data/Project/Tutorial/acko/build/classes/java/main started by raghvendra.mishra in /Users/raghvendra.mishra/Data/Project/Tutorial/acko)
2021-03-22 08:51:10,920 [main][][][][] INFO [SpringApplication.java:651] No active profile set, falling back to default profiles: default
2021-03-22 08:51:10,999 [main][][][][] INFO [ApplicationPropertiesListener.java:18] pre application initialization : start
2021-03-22 08:51:12,295 [main][][][][] INFO [SecretsManagerService.java:40] secret name = dev-sms-rdsinstance1
2021-03-22 08:51:12,306 [main][][][][] INFO [SecretsManagerService.java:48] Secret for key [dev-sms-rdsinstance1] in Region [secretsmanager]
2021-03-22 08:51:14,024 [main][][][][] INFO [ApplicationPropertiesListener.java:25] pre application initialization : end
2021-03-22 08:51:14,766 [main][][][][] INFO [RepositoryConfigurationDelegate.java:127] Bootstrapping Spring Data JPA repositories in DEFAULT mode.
2021-03-22 08:51:15,044 [main][][][][] INFO [RepositoryConfigurationDelegate.java:187] Finished Spring Data repository scanning in 270ms. Found 13 JPA repository interfaces.
2021-03-22 08:51:16,427 [main][][][][] INFO [PostProcessorRegistrationDelegate.java:330] Bean 'org.springframework.transaction.annotation.ProxyTransactionManagementConfiguration' of type [org.springframework.transaction.annotation.ProxyTransactionManagementConfiguration] is not eligible for getting processed by all BeanPostProcessors (for example: not eligible for auto-proxying)
2021-03-22 08:51:16,854 [main][][][][] INFO [TomcatWebServer.java:92] Tomcat initialized with port(s): 8080 (http)
2021-03-22 08:51:16,866 [main][][][][] INFO [DirectJDKLog.java:173] Initializing ProtocolHandler ["http-nio-8080"]
2021-03-22 08:51:16,867 [main][][][][] INFO [DirectJDKLog.java:173] Starting service [Tomcat]
2021-03-22 08:51:16,867 [main][][][][] INFO [DirectJDKLog.java:173] Starting Servlet engine: [Apache Tomcat/9.0.29]
2021-03-22 08:51:16,994 [main][][][][] INFO [DirectJDKLog.java:173] Initializing Spring embedded WebApplicationContext
2021-03-22 08:51:16,995 [main][][][][] INFO [ServletWebServerApplicationContext.java:284] Root WebApplicationContext: initialization completed in 2971 ms
2021-03-22 08:51:17,249 [main][][][][] INFO [LogHelper.java:31] HHH000204: Processing PersistenceUnitInfo [name: default]
2021-03-22 08:51:17,338 [main][][][][] INFO [Version.java:46] HHH000412: Hibernate Core {5.4.9.Final}
2021-03-22 08:51:17,535 [main][][][][] INFO [JavaReflectionManager.java:49] HCANN000001: Hibernate Commons Annotations {5.1.0.Final}
2021-03-22 08:51:17,665 [main][][][][] INFO [HikariDataSource.java:110] HikariPool-1 - Starting...
2021-03-22 08:51:18,182 [main][][][][] INFO [HikariDataSource.java:123] HikariPool-1 - Start completed.
2021-03-22 08:51:18,206 [main][][][][] INFO [Dialect.java:172] HHH000400: Using dialect: org.hibernate.dialect.PostgreSQL95Dialect
2021-03-22 08:51:23,787 [main][][][][] WARN [Configuration.java:281] You should use Hypersistence Optimizer to speed up your Hibernate application!
2021-03-22 08:51:23,788 [main][][][][] WARN [Configuration.java:282] For more details, go to https://vladmihalcea.com/hypersistence-optimizer/
2021-03-22 08:51:23,789 [main][][][][] INFO [Configuration.java:284] 
 _    _                           _     _
| |  | |                         (_)   | |
| |__| |_   _ _ __   ___ _ __ ___ _ ___| |_ ___ _ __   ___ ___
|  __  | | | | '_ \ / _ \ '__/ __| / __| __/ _ \ '_ \ / __/ _ \
| |  | | |_| | |_) |  __/ |  \__ \ \__ \ ||  __/ | | | (_|  __/
|_|  |_|\__, | .__/ \___|_|  |___/_|___/\__\___|_| |_|\___\___|
         __/ | |
        |___/|_|

           ____        _   _           _
          / __ \      | | (_)         (_)
         | |  | |_ __ | |_ _ _ __ ___  _ _______ _ __
         | |  | | '_ \| __| | '_ ` _ \| |_  / _ \ '__|
         | |__| | |_) | |_| | | | | | | |/ /  __/ |
          \____/| .__/ \__|_|_| |_| |_|_/___\___|_|
                | |
                |_|

2021-03-22 08:51:23,789 [main][][][][] INFO [Configuration.java:308] Check out the README page for more info about the Hypersistence Optimizer banner https://github.com/vladmihalcea/hibernate-types#how-to-remove-the-hypersistence-optimizer-banner-from-the-log
2021-03-22 08:51:25,114 [main][][][][] INFO [JtaPlatformInitiator.java:52] HHH000490: Using JtaPlatform implementation: [org.hibernate.engine.transaction.jta.platform.internal.NoJtaPlatform]
2021-03-22 08:51:25,121 [main][][][][] INFO [AbstractEntityManagerFactoryBean.java:416] Initialized JPA EntityManagerFactory for persistence unit 'default'
2021-03-22 08:51:28,339 [main][][][][] WARN [JpaBaseConfiguration.java:220] spring.jpa.open-in-view is enabled by default. Therefore, database queries may be performed during view rendering. Explicitly configure spring.jpa.open-in-view to disable this warning
2021-03-22 08:51:28,954 [main][][][][] INFO [ExecutorConfigurationSupport.java:171] Initializing ExecutorService 'applicationTaskExecutor'
2021-03-22 08:51:29,347 [main][][][][] INFO [DirectJDKLog.java:173] Starting ProtocolHandler ["http-nio-8080"]
2021-03-22 08:51:29,412 [main][][][][] INFO [TomcatWebServer.java:204] Tomcat started on port(s): 8080 (http) with context path ''
2021-03-22 08:51:29,415 [main][][][][] INFO [StartupInfoLogger.java:61] Started BackendApplication in 39.437 seconds (JVM running for 40.205)
2021-03-22 08:52:55,270 [SpringContextShutdownHook][][][][] INFO [ExecutorConfigurationSupport.java:208] Shutting down ExecutorService 'applicationTaskExecutor'
2021-03-22 08:52:55,354 [SpringContextShutdownHook][][][][] INFO [AbstractEntityManagerFactoryBean.java:598] Closing JPA EntityManagerFactory for persistence unit 'default'
2021-03-22 08:52:55,397 [SpringContextShutdownHook][][][][] INFO [HikariDataSource.java:350] HikariPool-1 - Shutdown initiated...
2021-03-22 08:52:55,589 [SpringContextShutdownHook][][][][] INFO [HikariDataSource.java:352] HikariPool-1 - Shutdown completed.
2021-03-22 09:44:30,043 [main][][][][] WARN [StartupInfoLogger.java:116] InetAddress.getLocalHost().getHostName() took 5007 milliseconds to respond. Please verify your network configuration (macOS machines may need to add entries to /etc/hosts).
2021-03-22 09:44:35,054 [main][][][][] INFO [StartupInfoLogger.java:55] Starting BackendApplication on raghvendras-MacBook-Pro.local with PID 55478 (/Users/raghvendra.mishra/Data/Project/Tutorial/acko/build/classes/java/main started by raghvendra.mishra in /Users/raghvendra.mishra/Data/Project/Tutorial/acko)
2021-03-22 09:44:35,055 [main][][][][] INFO [SpringApplication.java:651] No active profile set, falling back to default profiles: default
2021-03-22 09:44:35,112 [main][][][][] INFO [ApplicationPropertiesListener.java:18] pre application initialization : start
2021-03-22 09:44:35,978 [main][][][][] INFO [SecretsManagerService.java:40] secret name = dev-sms-rdsinstance1
2021-03-22 09:44:35,979 [main][][][][] INFO [SecretsManagerService.java:48] Secret for key [dev-sms-rdsinstance1] in Region [secretsmanager]
2021-03-22 09:44:36,528 [main][][][][] INFO [ApplicationPropertiesListener.java:25] pre application initialization : end
2021-03-22 09:44:37,354 [main][][][][] INFO [RepositoryConfigurationDelegate.java:127] Bootstrapping Spring Data JPA repositories in DEFAULT mode.
2021-03-22 09:44:37,505 [main][][][][] INFO [RepositoryConfigurationDelegate.java:187] Finished Spring Data repository scanning in 139ms. Found 14 JPA repository interfaces.
2021-03-22 09:44:37,959 [main][][][][] INFO [PostProcessorRegistrationDelegate.java:330] Bean 'org.springframework.transaction.annotation.ProxyTransactionManagementConfiguration' of type [org.springframework.transaction.annotation.ProxyTransactionManagementConfiguration] is not eligible for getting processed by all BeanPostProcessors (for example: not eligible for auto-proxying)
2021-03-22 09:44:38,283 [main][][][][] INFO [TomcatWebServer.java:92] Tomcat initialized with port(s): 8080 (http)
2021-03-22 09:44:38,294 [main][][][][] INFO [DirectJDKLog.java:173] Initializing ProtocolHandler ["http-nio-8080"]
2021-03-22 09:44:38,295 [main][][][][] INFO [DirectJDKLog.java:173] Starting service [Tomcat]
2021-03-22 09:44:38,295 [main][][][][] INFO [DirectJDKLog.java:173] Starting Servlet engine: [Apache Tomcat/9.0.29]
2021-03-22 09:44:38,400 [main][][][][] INFO [DirectJDKLog.java:173] Initializing Spring embedded WebApplicationContext
2021-03-22 09:44:38,400 [main][][][][] INFO [ServletWebServerApplicationContext.java:284] Root WebApplicationContext: initialization completed in 1872 ms
2021-03-22 09:44:38,616 [main][][][][] INFO [LogHelper.java:31] HHH000204: Processing PersistenceUnitInfo [name: default]
2021-03-22 09:44:38,705 [main][][][][] INFO [Version.java:46] HHH000412: Hibernate Core {5.4.9.Final}
2021-03-22 09:44:38,873 [main][][][][] INFO [JavaReflectionManager.java:49] HCANN000001: Hibernate Commons Annotations {5.1.0.Final}
2021-03-22 09:44:39,036 [main][][][][] INFO [HikariDataSource.java:110] HikariPool-1 - Starting...
2021-03-22 09:44:39,887 [main][][][][] INFO [HikariDataSource.java:123] HikariPool-1 - Start completed.
2021-03-22 09:44:39,919 [main][][][][] INFO [Dialect.java:172] HHH000400: Using dialect: org.hibernate.dialect.PostgreSQL95Dialect
2021-03-22 09:44:45,069 [main][][][][] WARN [Configuration.java:281] You should use Hypersistence Optimizer to speed up your Hibernate application!
2021-03-22 09:44:45,069 [main][][][][] WARN [Configuration.java:282] For more details, go to https://vladmihalcea.com/hypersistence-optimizer/
2021-03-22 09:44:45,071 [main][][][][] INFO [Configuration.java:284] 
 _    _                           _     _
| |  | |                         (_)   | |
| |__| |_   _ _ __   ___ _ __ ___ _ ___| |_ ___ _ __   ___ ___
|  __  | | | | '_ \ / _ \ '__/ __| / __| __/ _ \ '_ \ / __/ _ \
| |  | | |_| | |_) |  __/ |  \__ \ \__ \ ||  __/ | | | (_|  __/
|_|  |_|\__, | .__/ \___|_|  |___/_|___/\__\___|_| |_|\___\___|
         __/ | |
        |___/|_|

           ____        _   _           _
          / __ \      | | (_)         (_)
         | |  | |_ __ | |_ _ _ __ ___  _ _______ _ __
         | |  | | '_ \| __| | '_ ` _ \| |_  / _ \ '__|
         | |__| | |_) | |_| | | | | | | |/ /  __/ |
          \____/| .__/ \__|_|_| |_| |_|_/___\___|_|
                | |
                |_|

2021-03-22 09:44:45,071 [main][][][][] INFO [Configuration.java:308] Check out the README page for more info about the Hypersistence Optimizer banner https://github.com/vladmihalcea/hibernate-types#how-to-remove-the-hypersistence-optimizer-banner-from-the-log
2021-03-22 09:44:46,107 [main][][][][] INFO [JtaPlatformInitiator.java:52] HHH000490: Using JtaPlatform implementation: [org.hibernate.engine.transaction.jta.platform.internal.NoJtaPlatform]
2021-03-22 09:44:46,117 [main][][][][] INFO [AbstractEntityManagerFactoryBean.java:416] Initialized JPA EntityManagerFactory for persistence unit 'default'
2021-03-22 09:44:47,054 [main][][][][] WARN [JpaBaseConfiguration.java:220] spring.jpa.open-in-view is enabled by default. Therefore, database queries may be performed during view rendering. Explicitly configure spring.jpa.open-in-view to disable this warning
2021-03-22 09:44:47,187 [main][][][][] INFO [ExecutorConfigurationSupport.java:171] Initializing ExecutorService 'applicationTaskExecutor'
2021-03-22 09:44:47,436 [main][][][][] INFO [DirectJDKLog.java:173] Starting ProtocolHandler ["http-nio-8080"]
2021-03-22 09:44:47,476 [main][][][][] INFO [TomcatWebServer.java:204] Tomcat started on port(s): 8080 (http) with context path ''
2021-03-22 09:44:47,478 [main][][][][] INFO [StartupInfoLogger.java:61] Started BackendApplication in 33.007 seconds (JVM running for 33.831)
2021-03-22 09:49:43,039 [http-nio-8080-exec-1][][][][] INFO [DirectJDKLog.java:173] Initializing Spring DispatcherServlet 'dispatcherServlet'
2021-03-22 09:49:43,049 [http-nio-8080-exec-1][][][][] INFO [FrameworkServlet.java:525] Initializing Servlet 'dispatcherServlet'
2021-03-22 09:49:43,836 [http-nio-8080-exec-1][][][][] INFO [FrameworkServlet.java:547] Completed initialization in 780 ms
2021-03-22 09:49:44,195 [http-nio-8080-exec-1][][][][] INFO [TestController.java:47] Request : 
2021-03-22 09:49:44,802 [http-nio-8080-exec-1][][][][] INFO [TestController.java:57] Response : {"data":{"id":0,"fname":null,"lname":null},"success":true,"message":null,"code":"SUCCESS"}
2021-03-22 09:50:12,007 [SpringContextShutdownHook][][][][] INFO [ExecutorConfigurationSupport.java:208] Shutting down ExecutorService 'applicationTaskExecutor'
2021-03-22 09:50:12,046 [SpringContextShutdownHook][][][][] INFO [AbstractEntityManagerFactoryBean.java:598] Closing JPA EntityManagerFactory for persistence unit 'default'
2021-03-22 09:50:12,083 [SpringContextShutdownHook][][][][] INFO [HikariDataSource.java:350] HikariPool-1 - Shutdown initiated...
2021-03-22 09:50:12,112 [SpringContextShutdownHook][][][][] INFO [HikariDataSource.java:352] HikariPool-1 - Shutdown completed.
2021-03-22 11:00:59,705 [main][][][][] WARN [StartupInfoLogger.java:116] InetAddress.getLocalHost().getHostName() took 5009 milliseconds to respond. Please verify your network configuration (macOS machines may need to add entries to /etc/hosts).
2021-03-22 11:01:04,715 [main][][][][] INFO [StartupInfoLogger.java:55] Starting BackendApplication on raghvendras-MacBook-Pro.local with PID 4425 (/Users/raghvendra.mishra/Data/Project/Tutorial/acko/build/classes/java/main started by raghvendra.mishra in /Users/raghvendra.mishra/Data/Project/Tutorial/acko)
2021-03-22 11:01:04,716 [main][][][][] INFO [SpringApplication.java:651] No active profile set, falling back to default profiles: default
2021-03-22 11:01:04,812 [main][][][][] INFO [ApplicationPropertiesListener.java:18] pre application initialization : start
2021-03-22 11:01:09,382 [main][][][][] INFO [SecretsManagerService.java:40] secret name = dev-sms-rdsinstance1
2021-03-22 11:01:09,385 [main][][][][] INFO [SecretsManagerService.java:48] Secret for key [dev-sms-rdsinstance1] in Region [secretsmanager]
2021-03-22 11:01:11,572 [main][][][][] INFO [ApplicationPropertiesListener.java:25] pre application initialization : end
2021-03-22 11:01:13,565 [main][][][][] INFO [RepositoryConfigurationDelegate.java:127] Bootstrapping Spring Data JPA repositories in DEFAULT mode.
2021-03-22 11:01:13,728 [main][][][][] INFO [RepositoryConfigurationDelegate.java:187] Finished Spring Data repository scanning in 147ms. Found 3 JPA repository interfaces.
2021-03-22 11:01:15,323 [main][][][][] INFO [PostProcessorRegistrationDelegate.java:330] Bean 'org.springframework.transaction.annotation.ProxyTransactionManagementConfiguration' of type [org.springframework.transaction.annotation.ProxyTransactionManagementConfiguration] is not eligible for getting processed by all BeanPostProcessors (for example: not eligible for auto-proxying)
2021-03-22 11:01:17,075 [main][][][][] INFO [TomcatWebServer.java:92] Tomcat initialized with port(s): 8080 (http)
2021-03-22 11:01:17,134 [main][][][][] INFO [DirectJDKLog.java:173] Initializing ProtocolHandler ["http-nio-8080"]
2021-03-22 11:01:17,135 [main][][][][] INFO [DirectJDKLog.java:173] Starting service [Tomcat]
2021-03-22 11:01:17,135 [main][][][][] INFO [DirectJDKLog.java:173] Starting Servlet engine: [Apache Tomcat/9.0.29]
2021-03-22 11:01:17,711 [main][][][][] INFO [DirectJDKLog.java:173] Initializing Spring embedded WebApplicationContext
2021-03-22 11:01:17,713 [main][][][][] INFO [ServletWebServerApplicationContext.java:284] Root WebApplicationContext: initialization completed in 6140 ms
2021-03-22 11:01:19,092 [main][][][][] INFO [LogHelper.java:31] HHH000204: Processing PersistenceUnitInfo [name: default]
2021-03-22 11:01:19,846 [main][][][][] INFO [Version.java:46] HHH000412: Hibernate Core {5.4.9.Final}
2021-03-22 11:01:20,733 [main][][][][] INFO [JavaReflectionManager.java:49] HCANN000001: Hibernate Commons Annotations {5.1.0.Final}
2021-03-22 11:01:21,215 [main][][][][] INFO [HikariDataSource.java:110] HikariPool-1 - Starting...
2021-03-22 11:01:24,243 [main][][][][] INFO [HikariDataSource.java:123] HikariPool-1 - Start completed.
2021-03-22 11:01:24,297 [main][][][][] INFO [Dialect.java:172] HHH000400: Using dialect: org.hibernate.dialect.PostgreSQL95Dialect
2021-03-22 11:01:33,008 [main][][][][] INFO [JtaPlatformInitiator.java:52] HHH000490: Using JtaPlatform implementation: [org.hibernate.engine.transaction.jta.platform.internal.NoJtaPlatform]
2021-03-22 11:01:33,114 [main][][][][] INFO [AbstractEntityManagerFactoryBean.java:416] Initialized JPA EntityManagerFactory for persistence unit 'default'
2021-03-22 11:01:35,515 [main][][][][] WARN [JpaBaseConfiguration.java:220] spring.jpa.open-in-view is enabled by default. Therefore, database queries may be performed during view rendering. Explicitly configure spring.jpa.open-in-view to disable this warning
2021-03-22 11:01:36,012 [main][][][][] INFO [ExecutorConfigurationSupport.java:171] Initializing ExecutorService 'applicationTaskExecutor'
2021-03-22 11:01:36,655 [main][][][][] INFO [DirectJDKLog.java:173] Starting ProtocolHandler ["http-nio-8080"]
2021-03-22 11:01:36,754 [main][][][][] INFO [TomcatWebServer.java:204] Tomcat started on port(s): 8080 (http) with context path ''
2021-03-22 11:01:36,757 [main][][][][] INFO [StartupInfoLogger.java:61] Started BackendApplication in 53.085 seconds (JVM running for 54.761)
2021-03-22 11:21:41,150 [http-nio-8080-exec-1][][][][] INFO [DirectJDKLog.java:173] Initializing Spring DispatcherServlet 'dispatcherServlet'
2021-03-22 11:21:41,152 [http-nio-8080-exec-1][][][][] INFO [FrameworkServlet.java:525] Initializing Servlet 'dispatcherServlet'
2021-03-22 11:21:41,434 [http-nio-8080-exec-1][][][][] INFO [FrameworkServlet.java:547] Completed initialization in 281 ms
2021-03-22 11:24:36,520 [http-nio-8080-exec-9][][][][] ERROR [DirectJDKLog.java:175] Servlet.service() for servlet [dispatcherServlet] in context with path [] threw exception [Request processing failed; nested exception is org.springframework.http.converter.HttpMessageConversionException: Type definition error: [simple type, class com.larztalk.backend.team.TeamDto]; nested exception is com.fasterxml.jackson.databind.exc.InvalidDefinitionException: Cannot construct instance of `com.larztalk.backend.team.TeamDto` (no Creators, like default construct, exist): cannot deserialize from Object value (no delegate- or property-based Creator)
 at [Source: (PushbackInputStream); line: 1, column: 11] (through reference chain: com.larztalk.backend.developer.request.MapDeveloperRequest["team"])] with root cause
com.fasterxml.jackson.databind.exc.InvalidDefinitionException: Cannot construct instance of `com.larztalk.backend.team.TeamDto` (no Creators, like default construct, exist): cannot deserialize from Object value (no delegate- or property-based Creator)
 at [Source: (PushbackInputStream); line: 1, column: 11] (through reference chain: com.larztalk.backend.developer.request.MapDeveloperRequest["team"])
	at com.fasterxml.jackson.databind.exc.InvalidDefinitionException.from(InvalidDefinitionException.java:67)
	at com.fasterxml.jackson.databind.DeserializationContext.reportBadDefinition(DeserializationContext.java:1589)
	at com.fasterxml.jackson.databind.DeserializationContext.handleMissingInstantiator(DeserializationContext.java:1055)
	at com.fasterxml.jackson.databind.deser.BeanDeserializerBase.deserializeFromObjectUsingNonDefault(BeanDeserializerBase.java:1297)
	at com.fasterxml.jackson.databind.deser.BeanDeserializer.deserializeFromObject(BeanDeserializer.java:326)
	at com.fasterxml.jackson.databind.deser.BeanDeserializer.deserialize(BeanDeserializer.java:159)
	at com.fasterxml.jackson.databind.deser.SettableBeanProperty.deserialize(SettableBeanProperty.java:530)
	at com.fasterxml.jackson.databind.deser.BeanDeserializer._deserializeWithErrorWrapping(BeanDeserializer.java:528)
	at com.fasterxml.jackson.databind.deser.BeanDeserializer._deserializeUsingPropertyBased(BeanDeserializer.java:417)
	at com.fasterxml.jackson.databind.deser.BeanDeserializerBase.deserializeFromObjectUsingNonDefault(BeanDeserializerBase.java:1287)
	at com.fasterxml.jackson.databind.deser.BeanDeserializer.deserializeFromObject(BeanDeserializer.java:326)
	at com.fasterxml.jackson.databind.deser.BeanDeserializer.deserialize(BeanDeserializer.java:159)
	at com.fasterxml.jackson.databind.ObjectMapper._readMapAndClose(ObjectMapper.java:4202)
	at com.fasterxml.jackson.databind.ObjectMapper.readValue(ObjectMapper.java:3258)
	at org.springframework.http.converter.json.AbstractJackson2HttpMessageConverter.readJavaType(AbstractJackson2HttpMessageConverter.java:239)
	at org.springframework.http.converter.json.AbstractJackson2HttpMessageConverter.read(AbstractJackson2HttpMessageConverter.java:227)
	at org.springframework.web.servlet.mvc.method.annotation.AbstractMessageConverterMethodArgumentResolver.readWithMessageConverters(AbstractMessageConverterMethodArgumentResolver.java:205)
	at org.springframework.web.servlet.mvc.method.annotation.RequestResponseBodyMethodProcessor.readWithMessageConverters(RequestResponseBodyMethodProcessor.java:158)
	at org.springframework.web.servlet.mvc.method.annotation.RequestResponseBodyMethodProcessor.resolveArgument(RequestResponseBodyMethodProcessor.java:131)
	at org.springframework.web.method.support.HandlerMethodArgumentResolverComposite.resolveArgument(HandlerMethodArgumentResolverComposite.java:121)
	at org.springframework.web.method.support.InvocableHandlerMethod.getMethodArgumentValues(InvocableHandlerMethod.java:167)
	at org.springframework.web.method.support.InvocableHandlerMethod.invokeForRequest(InvocableHandlerMethod.java:134)
	at org.springframework.web.servlet.mvc.method.annotation.ServletInvocableHandlerMethod.invokeAndHandle(ServletInvocableHandlerMethod.java:106)
	at org.springframework.web.servlet.mvc.method.annotation.RequestMappingHandlerAdapter.invokeHandlerMethod(RequestMappingHandlerAdapter.java:888)
	at org.springframework.web.servlet.mvc.method.annotation.RequestMappingHandlerAdapter.handleInternal(RequestMappingHandlerAdapter.java:793)
	at org.springframework.web.servlet.mvc.method.AbstractHandlerMethodAdapter.handle(AbstractHandlerMethodAdapter.java:87)
	at org.springframework.web.servlet.DispatcherServlet.doDispatch(DispatcherServlet.java:1040)
	at org.springframework.web.servlet.DispatcherServlet.doService(DispatcherServlet.java:943)
	at org.springframework.web.servlet.FrameworkServlet.processRequest(FrameworkServlet.java:1006)
	at org.springframework.web.servlet.FrameworkServlet.doPost(FrameworkServlet.java:909)
	at javax.servlet.http.HttpServlet.service(HttpServlet.java:660)
	at org.springframework.web.servlet.FrameworkServlet.service(FrameworkServlet.java:883)
	at javax.servlet.http.HttpServlet.service(HttpServlet.java:741)
	at org.apache.catalina.core.ApplicationFilterChain.internalDoFilter(ApplicationFilterChain.java:231)
	at org.apache.catalina.core.ApplicationFilterChain.doFilter(ApplicationFilterChain.java:166)
	at org.apache.tomcat.websocket.server.WsFilter.doFilter(WsFilter.java:53)
	at org.apache.catalina.core.ApplicationFilterChain.internalDoFilter(ApplicationFilterChain.java:193)
	at org.apache.catalina.core.ApplicationFilterChain.doFilter(ApplicationFilterChain.java:166)
	at org.springframework.web.filter.RequestContextFilter.doFilterInternal(RequestContextFilter.java:100)
	at org.springframework.web.filter.OncePerRequestFilter.doFilter(OncePerRequestFilter.java:119)
	at org.apache.catalina.core.ApplicationFilterChain.internalDoFilter(ApplicationFilterChain.java:193)
	at org.apache.catalina.core.ApplicationFilterChain.doFilter(ApplicationFilterChain.java:166)
	at org.springframework.web.filter.FormContentFilter.doFilterInternal(FormContentFilter.java:93)
	at org.springframework.web.filter.OncePerRequestFilter.doFilter(OncePerRequestFilter.java:119)
	at org.apache.catalina.core.ApplicationFilterChain.internalDoFilter(ApplicationFilterChain.java:193)
	at org.apache.catalina.core.ApplicationFilterChain.doFilter(ApplicationFilterChain.java:166)
	at org.springframework.web.filter.CharacterEncodingFilter.doFilterInternal(CharacterEncodingFilter.java:201)
	at org.springframework.web.filter.OncePerRequestFilter.doFilter(OncePerRequestFilter.java:119)
	at org.apache.catalina.core.ApplicationFilterChain.internalDoFilter(ApplicationFilterChain.java:193)
	at org.apache.catalina.core.ApplicationFilterChain.doFilter(ApplicationFilterChain.java:166)
	at org.apache.catalina.core.StandardWrapperValve.invoke(StandardWrapperValve.java:202)
	at org.apache.catalina.core.StandardContextValve.invoke(StandardContextValve.java:96)
	at org.apache.catalina.authenticator.AuthenticatorBase.invoke(AuthenticatorBase.java:526)
	at org.apache.catalina.core.StandardHostValve.invoke(StandardHostValve.java:139)
	at org.apache.catalina.valves.ErrorReportValve.invoke(ErrorReportValve.java:92)
	at org.apache.catalina.core.StandardEngineValve.invoke(StandardEngineValve.java:74)
	at org.apache.catalina.connector.CoyoteAdapter.service(CoyoteAdapter.java:343)
	at org.apache.coyote.http11.Http11Processor.service(Http11Processor.java:367)
	at org.apache.coyote.AbstractProcessorLight.process(AbstractProcessorLight.java:65)
	at org.apache.coyote.AbstractProtocol$ConnectionHandler.process(AbstractProtocol.java:860)
	at org.apache.tomcat.util.net.NioEndpoint$SocketProcessor.doRun(NioEndpoint.java:1591)
	at org.apache.tomcat.util.net.SocketProcessorBase.run(SocketProcessorBase.java:49)
	at java.util.concurrent.ThreadPoolExecutor.runWorker(ThreadPoolExecutor.java:1149)
	at java.util.concurrent.ThreadPoolExecutor$Worker.run(ThreadPoolExecutor.java:624)
	at org.apache.tomcat.util.threads.TaskThread$WrappingRunnable.run(TaskThread.java:61)
	at java.lang.Thread.run(Thread.java:748)
2021-03-22 11:50:28,096 [SpringContextShutdownHook][][][][] INFO [ExecutorConfigurationSupport.java:208] Shutting down ExecutorService 'applicationTaskExecutor'
2021-03-22 11:50:28,237 [SpringContextShutdownHook][][][][] INFO [AbstractEntityManagerFactoryBean.java:598] Closing JPA EntityManagerFactory for persistence unit 'default'
2021-03-22 11:50:28,439 [SpringContextShutdownHook][][][][] INFO [HikariDataSource.java:350] HikariPool-1 - Shutdown initiated...
2021-03-22 11:50:28,624 [SpringContextShutdownHook][][][][] INFO [HikariDataSource.java:352] HikariPool-1 - Shutdown completed.
2021-03-22 11:51:06,746 [main][][][][] WARN [StartupInfoLogger.java:116] InetAddress.getLocalHost().getHostName() took 5009 milliseconds to respond. Please verify your network configuration (macOS machines may need to add entries to /etc/hosts).
2021-03-22 11:51:11,780 [main][][][][] INFO [StartupInfoLogger.java:55] Starting BackendApplication on raghvendras-MacBook-Pro.local with PID 6504 (/Users/raghvendra.mishra/Data/Project/Tutorial/acko/build/classes/java/main started by raghvendra.mishra in /Users/raghvendra.mishra/Data/Project/Tutorial/acko)
2021-03-22 11:51:11,782 [main][][][][] INFO [SpringApplication.java:651] No active profile set, falling back to default profiles: default
2021-03-22 11:51:11,921 [main][][][][] INFO [ApplicationPropertiesListener.java:18] pre application initialization : start
2021-03-22 11:51:14,296 [main][][][][] INFO [SecretsManagerService.java:40] secret name = dev-sms-rdsinstance1
2021-03-22 11:51:14,305 [main][][][][] INFO [SecretsManagerService.java:48] Secret for key [dev-sms-rdsinstance1] in Region [secretsmanager]
2021-03-22 11:51:16,051 [main][][][][] INFO [ApplicationPropertiesListener.java:25] pre application initialization : end
2021-03-22 11:51:18,779 [main][][][][] INFO [RepositoryConfigurationDelegate.java:127] Bootstrapping Spring Data JPA repositories in DEFAULT mode.
2021-03-22 11:51:19,065 [main][][][][] INFO [RepositoryConfigurationDelegate.java:187] Finished Spring Data repository scanning in 233ms. Found 3 JPA repository interfaces.
2021-03-22 11:51:20,162 [main][][][][] INFO [PostProcessorRegistrationDelegate.java:330] Bean 'org.springframework.transaction.annotation.ProxyTransactionManagementConfiguration' of type [org.springframework.transaction.annotation.ProxyTransactionManagementConfiguration] is not eligible for getting processed by all BeanPostProcessors (for example: not eligible for auto-proxying)
2021-03-22 11:51:20,967 [main][][][][] INFO [TomcatWebServer.java:92] Tomcat initialized with port(s): 8080 (http)
2021-03-22 11:51:20,997 [main][][][][] INFO [DirectJDKLog.java:173] Initializing ProtocolHandler ["http-nio-8080"]
2021-03-22 11:51:21,003 [main][][][][] INFO [DirectJDKLog.java:173] Starting service [Tomcat]
2021-03-22 11:51:21,009 [main][][][][] INFO [DirectJDKLog.java:173] Starting Servlet engine: [Apache Tomcat/9.0.29]
2021-03-22 11:51:21,445 [main][][][][] INFO [DirectJDKLog.java:173] Initializing Spring embedded WebApplicationContext
2021-03-22 11:51:21,445 [main][][][][] INFO [ServletWebServerApplicationContext.java:284] Root WebApplicationContext: initialization completed in 5387 ms
2021-03-22 11:51:22,195 [main][][][][] INFO [LogHelper.java:31] HHH000204: Processing PersistenceUnitInfo [name: default]
2021-03-22 11:51:22,454 [main][][][][] INFO [Version.java:46] HHH000412: Hibernate Core {5.4.9.Final}
2021-03-22 11:51:23,015 [main][][][][] INFO [JavaReflectionManager.java:49] HCANN000001: Hibernate Commons Annotations {5.1.0.Final}
2021-03-22 11:51:23,468 [main][][][][] INFO [HikariDataSource.java:110] HikariPool-1 - Starting...
2021-03-22 11:51:26,118 [main][][][][] INFO [HikariDataSource.java:123] HikariPool-1 - Start completed.
2021-03-22 11:51:26,166 [main][][][][] INFO [Dialect.java:172] HHH000400: Using dialect: org.hibernate.dialect.PostgreSQL95Dialect
2021-03-22 11:51:32,078 [main][][][][] INFO [JtaPlatformInitiator.java:52] HHH000490: Using JtaPlatform implementation: [org.hibernate.engine.transaction.jta.platform.internal.NoJtaPlatform]
2021-03-22 11:51:32,093 [main][][][][] INFO [AbstractEntityManagerFactoryBean.java:416] Initialized JPA EntityManagerFactory for persistence unit 'default'
2021-03-22 11:51:33,165 [main][][][][] WARN [JpaBaseConfiguration.java:220] spring.jpa.open-in-view is enabled by default. Therefore, database queries may be performed during view rendering. Explicitly configure spring.jpa.open-in-view to disable this warning
2021-03-22 11:51:33,514 [main][][][][] INFO [ExecutorConfigurationSupport.java:171] Initializing ExecutorService 'applicationTaskExecutor'
2021-03-22 11:51:34,202 [main][][][][] INFO [DirectJDKLog.java:173] Starting ProtocolHandler ["http-nio-8080"]
2021-03-22 11:51:34,335 [main][][][][] INFO [TomcatWebServer.java:204] Tomcat started on port(s): 8080 (http) with context path ''
2021-03-22 11:51:34,358 [main][][][][] INFO [StartupInfoLogger.java:61] Started BackendApplication in 44.371 seconds (JVM running for 47.23)
2021-03-22 11:52:36,498 [http-nio-8080-exec-1][][][][] INFO [DirectJDKLog.java:173] Initializing Spring DispatcherServlet 'dispatcherServlet'
2021-03-22 11:52:36,500 [http-nio-8080-exec-1][][][][] INFO [FrameworkServlet.java:525] Initializing Servlet 'dispatcherServlet'
2021-03-22 11:52:36,534 [http-nio-8080-exec-1][][][][] INFO [FrameworkServlet.java:547] Completed initialization in 34 ms
2021-03-22 11:52:36,704 [http-nio-8080-exec-1][][][][] INFO [DeveloperController.java:42]  === com.larztalk.backend.developer.request.MapDeveloperRequest@23681c87
2021-03-22 11:52:36,721 [http-nio-8080-exec-1][][][][] INFO [DeveloperController.java:43]  === {"team":{"id":1,"name":"claims"},"developers":[{"id":0,"teamId":1,"name":"ragh","phoneNo":"342342"}]}
2021-03-22 11:55:09,832 [http-nio-8080-exec-2][][][][] ERROR [DirectJDKLog.java:175] Servlet.service() for servlet [dispatcherServlet] in context with path [] threw exception [Request processing failed; nested exception is org.springframework.http.converter.HttpMessageConversionException: Type definition error: [simple type, class com.larztalk.backend.team.TeamDto]; nested exception is com.fasterxml.jackson.databind.exc.InvalidDefinitionException: Cannot construct instance of `com.larztalk.backend.team.TeamDto` (no Creators, like default construct, exist): cannot deserialize from Object value (no delegate- or property-based Creator)
 at [Source: (PushbackInputStream); line: 1, column: 10] (through reference chain: com.larztalk.backend.developer.request.MapDeveloperRequest["team"])] with root cause
com.fasterxml.jackson.databind.exc.InvalidDefinitionException: Cannot construct instance of `com.larztalk.backend.team.TeamDto` (no Creators, like default construct, exist): cannot deserialize from Object value (no delegate- or property-based Creator)
 at [Source: (PushbackInputStream); line: 1, column: 10] (through reference chain: com.larztalk.backend.developer.request.MapDeveloperRequest["team"])
	at com.fasterxml.jackson.databind.exc.InvalidDefinitionException.from(InvalidDefinitionException.java:67)
	at com.fasterxml.jackson.databind.DeserializationContext.reportBadDefinition(DeserializationContext.java:1589)
	at com.fasterxml.jackson.databind.DeserializationContext.handleMissingInstantiator(DeserializationContext.java:1055)
	at com.fasterxml.jackson.databind.deser.BeanDeserializerBase.deserializeFromObjectUsingNonDefault(BeanDeserializerBase.java:1297)
	at com.fasterxml.jackson.databind.deser.BeanDeserializer.deserializeFromObject(BeanDeserializer.java:326)
	at com.fasterxml.jackson.databind.deser.BeanDeserializer.deserialize(BeanDeserializer.java:159)
	at com.fasterxml.jackson.databind.deser.SettableBeanProperty.deserialize(SettableBeanProperty.java:530)
	at com.fasterxml.jackson.databind.deser.BeanDeserializer._deserializeWithErrorWrapping(BeanDeserializer.java:528)
	at com.fasterxml.jackson.databind.deser.BeanDeserializer._deserializeUsingPropertyBased(BeanDeserializer.java:417)
	at com.fasterxml.jackson.databind.deser.BeanDeserializerBase.deserializeFromObjectUsingNonDefault(BeanDeserializerBase.java:1287)
	at com.fasterxml.jackson.databind.deser.BeanDeserializer.deserializeFromObject(BeanDeserializer.java:326)
	at com.fasterxml.jackson.databind.deser.BeanDeserializer.deserialize(BeanDeserializer.java:159)
	at com.fasterxml.jackson.databind.ObjectMapper._readMapAndClose(ObjectMapper.java:4202)
	at com.fasterxml.jackson.databind.ObjectMapper.readValue(ObjectMapper.java:3258)
	at org.springframework.http.converter.json.AbstractJackson2HttpMessageConverter.readJavaType(AbstractJackson2HttpMessageConverter.java:239)
	at org.springframework.http.converter.json.AbstractJackson2HttpMessageConverter.read(AbstractJackson2HttpMessageConverter.java:227)
	at org.springframework.web.servlet.mvc.method.annotation.AbstractMessageConverterMethodArgumentResolver.readWithMessageConverters(AbstractMessageConverterMethodArgumentResolver.java:205)
	at org.springframework.web.servlet.mvc.method.annotation.RequestResponseBodyMethodProcessor.readWithMessageConverters(RequestResponseBodyMethodProcessor.java:158)
	at org.springframework.web.servlet.mvc.method.annotation.RequestResponseBodyMethodProcessor.resolveArgument(RequestResponseBodyMethodProcessor.java:131)
	at org.springframework.web.method.support.HandlerMethodArgumentResolverComposite.resolveArgument(HandlerMethodArgumentResolverComposite.java:121)
	at org.springframework.web.method.support.InvocableHandlerMethod.getMethodArgumentValues(InvocableHandlerMethod.java:167)
	at org.springframework.web.method.support.InvocableHandlerMethod.invokeForRequest(InvocableHandlerMethod.java:134)
	at org.springframework.web.servlet.mvc.method.annotation.ServletInvocableHandlerMethod.invokeAndHandle(ServletInvocableHandlerMethod.java:106)
	at org.springframework.web.servlet.mvc.method.annotation.RequestMappingHandlerAdapter.invokeHandlerMethod(RequestMappingHandlerAdapter.java:888)
	at org.springframework.web.servlet.mvc.method.annotation.RequestMappingHandlerAdapter.handleInternal(RequestMappingHandlerAdapter.java:793)
	at org.springframework.web.servlet.mvc.method.AbstractHandlerMethodAdapter.handle(AbstractHandlerMethodAdapter.java:87)
	at org.springframework.web.servlet.DispatcherServlet.doDispatch(DispatcherServlet.java:1040)
	at org.springframework.web.servlet.DispatcherServlet.doService(DispatcherServlet.java:943)
	at org.springframework.web.servlet.FrameworkServlet.processRequest(FrameworkServlet.java:1006)
	at org.springframework.web.servlet.FrameworkServlet.doPost(FrameworkServlet.java:909)
	at javax.servlet.http.HttpServlet.service(HttpServlet.java:660)
	at org.springframework.web.servlet.FrameworkServlet.service(FrameworkServlet.java:883)
	at javax.servlet.http.HttpServlet.service(HttpServlet.java:741)
	at org.apache.catalina.core.ApplicationFilterChain.internalDoFilter(ApplicationFilterChain.java:231)
	at org.apache.catalina.core.ApplicationFilterChain.doFilter(ApplicationFilterChain.java:166)
	at org.apache.tomcat.websocket.server.WsFilter.doFilter(WsFilter.java:53)
	at org.apache.catalina.core.ApplicationFilterChain.internalDoFilter(ApplicationFilterChain.java:193)
	at org.apache.catalina.core.ApplicationFilterChain.doFilter(ApplicationFilterChain.java:166)
	at org.springframework.web.filter.RequestContextFilter.doFilterInternal(RequestContextFilter.java:100)
	at org.springframework.web.filter.OncePerRequestFilter.doFilter(OncePerRequestFilter.java:119)
	at org.apache.catalina.core.ApplicationFilterChain.internalDoFilter(ApplicationFilterChain.java:193)
	at org.apache.catalina.core.ApplicationFilterChain.doFilter(ApplicationFilterChain.java:166)
	at org.springframework.web.filter.FormContentFilter.doFilterInternal(FormContentFilter.java:93)
	at org.springframework.web.filter.OncePerRequestFilter.doFilter(OncePerRequestFilter.java:119)
	at org.apache.catalina.core.ApplicationFilterChain.internalDoFilter(ApplicationFilterChain.java:193)
	at org.apache.catalina.core.ApplicationFilterChain.doFilter(ApplicationFilterChain.java:166)
	at org.springframework.web.filter.CharacterEncodingFilter.doFilterInternal(CharacterEncodingFilter.java:201)
	at org.springframework.web.filter.OncePerRequestFilter.doFilter(OncePerRequestFilter.java:119)
	at org.apache.catalina.core.ApplicationFilterChain.internalDoFilter(ApplicationFilterChain.java:193)
	at org.apache.catalina.core.ApplicationFilterChain.doFilter(ApplicationFilterChain.java:166)
	at org.apache.catalina.core.StandardWrapperValve.invoke(StandardWrapperValve.java:202)
	at org.apache.catalina.core.StandardContextValve.invoke(StandardContextValve.java:96)
	at org.apache.catalina.authenticator.AuthenticatorBase.invoke(AuthenticatorBase.java:526)
	at org.apache.catalina.core.StandardHostValve.invoke(StandardHostValve.java:139)
	at org.apache.catalina.valves.ErrorReportValve.invoke(ErrorReportValve.java:92)
	at org.apache.catalina.core.StandardEngineValve.invoke(StandardEngineValve.java:74)
	at org.apache.catalina.connector.CoyoteAdapter.service(CoyoteAdapter.java:343)
	at org.apache.coyote.http11.Http11Processor.service(Http11Processor.java:367)
	at org.apache.coyote.AbstractProcessorLight.process(AbstractProcessorLight.java:65)
	at org.apache.coyote.AbstractProtocol$ConnectionHandler.process(AbstractProtocol.java:860)
	at org.apache.tomcat.util.net.NioEndpoint$SocketProcessor.doRun(NioEndpoint.java:1591)
	at org.apache.tomcat.util.net.SocketProcessorBase.run(SocketProcessorBase.java:49)
	at java.util.concurrent.ThreadPoolExecutor.runWorker(ThreadPoolExecutor.java:1149)
	at java.util.concurrent.ThreadPoolExecutor$Worker.run(ThreadPoolExecutor.java:624)
	at org.apache.tomcat.util.threads.TaskThread$WrappingRunnable.run(TaskThread.java:61)
	at java.lang.Thread.run(Thread.java:748)
2021-03-22 11:58:45,363 [SpringContextShutdownHook][][][][] INFO [ExecutorConfigurationSupport.java:208] Shutting down ExecutorService 'applicationTaskExecutor'
2021-03-22 11:58:45,372 [SpringContextShutdownHook][][][][] INFO [AbstractEntityManagerFactoryBean.java:598] Closing JPA EntityManagerFactory for persistence unit 'default'
2021-03-22 11:58:45,397 [SpringContextShutdownHook][][][][] INFO [HikariDataSource.java:350] HikariPool-1 - Shutdown initiated...
2021-03-22 11:58:45,437 [SpringContextShutdownHook][][][][] INFO [HikariDataSource.java:352] HikariPool-1 - Shutdown completed.
2021-03-22 11:59:23,763 [main][][][][] WARN [StartupInfoLogger.java:116] InetAddress.getLocalHost().getHostName() took 5006 milliseconds to respond. Please verify your network configuration (macOS machines may need to add entries to /etc/hosts).
2021-03-22 11:59:28,772 [main][][][][] INFO [StartupInfoLogger.java:55] Starting BackendApplication on raghvendras-MacBook-Pro.local with PID 6734 (/Users/raghvendra.mishra/Data/Project/Tutorial/acko/build/classes/java/main started by raghvendra.mishra in /Users/raghvendra.mishra/Data/Project/Tutorial/acko)
2021-03-22 11:59:28,773 [main][][][][] INFO [SpringApplication.java:651] No active profile set, falling back to default profiles: default
2021-03-22 11:59:28,845 [main][][][][] INFO [ApplicationPropertiesListener.java:18] pre application initialization : start
2021-03-22 11:59:29,711 [main][][][][] INFO [SecretsManagerService.java:40] secret name = dev-sms-rdsinstance1
2021-03-22 11:59:29,712 [main][][][][] INFO [SecretsManagerService.java:48] Secret for key [dev-sms-rdsinstance1] in Region [secretsmanager]
2021-03-22 11:59:30,365 [main][][][][] INFO [ApplicationPropertiesListener.java:25] pre application initialization : end
2021-03-22 11:59:31,253 [main][][][][] INFO [RepositoryConfigurationDelegate.java:127] Bootstrapping Spring Data JPA repositories in DEFAULT mode.
2021-03-22 11:59:31,415 [main][][][][] INFO [RepositoryConfigurationDelegate.java:187] Finished Spring Data repository scanning in 133ms. Found 3 JPA repository interfaces.
2021-03-22 11:59:32,104 [main][][][][] INFO [PostProcessorRegistrationDelegate.java:330] Bean 'org.springframework.transaction.annotation.ProxyTransactionManagementConfiguration' of type [org.springframework.transaction.annotation.ProxyTransactionManagementConfiguration] is not eligible for getting processed by all BeanPostProcessors (for example: not eligible for auto-proxying)
2021-03-22 11:59:32,822 [main][][][][] INFO [TomcatWebServer.java:92] Tomcat initialized with port(s): 8080 (http)
2021-03-22 11:59:32,847 [main][][][][] INFO [DirectJDKLog.java:173] Initializing ProtocolHandler ["http-nio-8080"]
2021-03-22 11:59:32,850 [main][][][][] INFO [DirectJDKLog.java:173] Starting service [Tomcat]
2021-03-22 11:59:32,851 [main][][][][] INFO [DirectJDKLog.java:173] Starting Servlet engine: [Apache Tomcat/9.0.29]
2021-03-22 11:59:33,034 [main][][][][] INFO [DirectJDKLog.java:173] Initializing Spring embedded WebApplicationContext
2021-03-22 11:59:33,035 [main][][][][] INFO [ServletWebServerApplicationContext.java:284] Root WebApplicationContext: initialization completed in 2668 ms
2021-03-22 11:59:33,360 [main][][][][] INFO [LogHelper.java:31] HHH000204: Processing PersistenceUnitInfo [name: default]
2021-03-22 11:59:33,485 [main][][][][] INFO [Version.java:46] HHH000412: Hibernate Core {5.4.9.Final}
2021-03-22 11:59:33,703 [main][][][][] INFO [JavaReflectionManager.java:49] HCANN000001: Hibernate Commons Annotations {5.1.0.Final}
2021-03-22 11:59:33,876 [main][][][][] INFO [HikariDataSource.java:110] HikariPool-1 - Starting...
2021-03-22 11:59:34,550 [main][][][][] INFO [HikariDataSource.java:123] HikariPool-1 - Start completed.
2021-03-22 11:59:34,584 [main][][][][] INFO [Dialect.java:172] HHH000400: Using dialect: org.hibernate.dialect.PostgreSQL95Dialect
2021-03-22 11:59:39,758 [main][][][][] INFO [JtaPlatformInitiator.java:52] HHH000490: Using JtaPlatform implementation: [org.hibernate.engine.transaction.jta.platform.internal.NoJtaPlatform]
2021-03-22 11:59:39,766 [main][][][][] INFO [AbstractEntityManagerFactoryBean.java:416] Initialized JPA EntityManagerFactory for persistence unit 'default'
2021-03-22 11:59:40,488 [main][][][][] WARN [JpaBaseConfiguration.java:220] spring.jpa.open-in-view is enabled by default. Therefore, database queries may be performed during view rendering. Explicitly configure spring.jpa.open-in-view to disable this warning
2021-03-22 11:59:40,692 [main][][][][] INFO [ExecutorConfigurationSupport.java:171] Initializing ExecutorService 'applicationTaskExecutor'
2021-03-22 11:59:41,044 [main][][][][] INFO [DirectJDKLog.java:173] Starting ProtocolHandler ["http-nio-8080"]
2021-03-22 11:59:41,094 [main][][][][] INFO [TomcatWebServer.java:204] Tomcat started on port(s): 8080 (http) with context path ''
2021-03-22 11:59:41,096 [main][][][][] INFO [StartupInfoLogger.java:61] Started BackendApplication in 36.456 seconds (JVM running for 43.2)
2021-03-22 12:02:49,828 [http-nio-8080-exec-1][][][][] INFO [DirectJDKLog.java:173] Initializing Spring DispatcherServlet 'dispatcherServlet'
2021-03-22 12:02:49,830 [http-nio-8080-exec-1][][][][] INFO [FrameworkServlet.java:525] Initializing Servlet 'dispatcherServlet'
2021-03-22 12:02:49,946 [http-nio-8080-exec-1][][][][] INFO [FrameworkServlet.java:547] Completed initialization in 116 ms
2021-03-22 12:02:50,168 [http-nio-8080-exec-1][][][][] ERROR [DirectJDKLog.java:175] Servlet.service() for servlet [dispatcherServlet] in context with path [] threw exception [Request processing failed; nested exception is org.springframework.http.converter.HttpMessageConversionException: Type definition error: [simple type, class com.larztalk.backend.team.TeamDto]; nested exception is com.fasterxml.jackson.databind.exc.InvalidDefinitionException: Cannot construct instance of `com.larztalk.backend.team.TeamDto` (no Creators, like default construct, exist): cannot deserialize from Object value (no delegate- or property-based Creator)
 at [Source: (PushbackInputStream); line: 1, column: 10] (through reference chain: com.larztalk.backend.developer.request.MapDeveloperRequest["team"])] with root cause
com.fasterxml.jackson.databind.exc.InvalidDefinitionException: Cannot construct instance of `com.larztalk.backend.team.TeamDto` (no Creators, like default construct, exist): cannot deserialize from Object value (no delegate- or property-based Creator)
 at [Source: (PushbackInputStream); line: 1, column: 10] (through reference chain: com.larztalk.backend.developer.request.MapDeveloperRequest["team"])
	at com.fasterxml.jackson.databind.exc.InvalidDefinitionException.from(InvalidDefinitionException.java:67)
	at com.fasterxml.jackson.databind.DeserializationContext.reportBadDefinition(DeserializationContext.java:1589)
	at com.fasterxml.jackson.databind.DeserializationContext.handleMissingInstantiator(DeserializationContext.java:1055)
	at com.fasterxml.jackson.databind.deser.BeanDeserializerBase.deserializeFromObjectUsingNonDefault(BeanDeserializerBase.java:1297)
	at com.fasterxml.jackson.databind.deser.BeanDeserializer.deserializeFromObject(BeanDeserializer.java:326)
	at com.fasterxml.jackson.databind.deser.BeanDeserializer.deserialize(BeanDeserializer.java:159)
	at com.fasterxml.jackson.databind.deser.SettableBeanProperty.deserialize(SettableBeanProperty.java:530)
	at com.fasterxml.jackson.databind.deser.BeanDeserializer._deserializeWithErrorWrapping(BeanDeserializer.java:528)
	at com.fasterxml.jackson.databind.deser.BeanDeserializer._deserializeUsingPropertyBased(BeanDeserializer.java:417)
	at com.fasterxml.jackson.databind.deser.BeanDeserializerBase.deserializeFromObjectUsingNonDefault(BeanDeserializerBase.java:1287)
	at com.fasterxml.jackson.databind.deser.BeanDeserializer.deserializeFromObject(BeanDeserializer.java:326)
	at com.fasterxml.jackson.databind.deser.BeanDeserializer.deserialize(BeanDeserializer.java:159)
	at com.fasterxml.jackson.databind.ObjectMapper._readMapAndClose(ObjectMapper.java:4202)
	at com.fasterxml.jackson.databind.ObjectMapper.readValue(ObjectMapper.java:3258)
	at org.springframework.http.converter.json.AbstractJackson2HttpMessageConverter.readJavaType(AbstractJackson2HttpMessageConverter.java:239)
	at org.springframework.http.converter.json.AbstractJackson2HttpMessageConverter.read(AbstractJackson2HttpMessageConverter.java:227)
	at org.springframework.web.servlet.mvc.method.annotation.AbstractMessageConverterMethodArgumentResolver.readWithMessageConverters(AbstractMessageConverterMethodArgumentResolver.java:205)
	at org.springframework.web.servlet.mvc.method.annotation.RequestResponseBodyMethodProcessor.readWithMessageConverters(RequestResponseBodyMethodProcessor.java:158)
	at org.springframework.web.servlet.mvc.method.annotation.RequestResponseBodyMethodProcessor.resolveArgument(RequestResponseBodyMethodProcessor.java:131)
	at org.springframework.web.method.support.HandlerMethodArgumentResolverComposite.resolveArgument(HandlerMethodArgumentResolverComposite.java:121)
	at org.springframework.web.method.support.InvocableHandlerMethod.getMethodArgumentValues(InvocableHandlerMethod.java:167)
	at org.springframework.web.method.support.InvocableHandlerMethod.invokeForRequest(InvocableHandlerMethod.java:134)
	at org.springframework.web.servlet.mvc.method.annotation.ServletInvocableHandlerMethod.invokeAndHandle(ServletInvocableHandlerMethod.java:106)
	at org.springframework.web.servlet.mvc.method.annotation.RequestMappingHandlerAdapter.invokeHandlerMethod(RequestMappingHandlerAdapter.java:888)
	at org.springframework.web.servlet.mvc.method.annotation.RequestMappingHandlerAdapter.handleInternal(RequestMappingHandlerAdapter.java:793)
	at org.springframework.web.servlet.mvc.method.AbstractHandlerMethodAdapter.handle(AbstractHandlerMethodAdapter.java:87)
	at org.springframework.web.servlet.DispatcherServlet.doDispatch(DispatcherServlet.java:1040)
	at org.springframework.web.servlet.DispatcherServlet.doService(DispatcherServlet.java:943)
	at org.springframework.web.servlet.FrameworkServlet.processRequest(FrameworkServlet.java:1006)
	at org.springframework.web.servlet.FrameworkServlet.doPost(FrameworkServlet.java:909)
	at javax.servlet.http.HttpServlet.service(HttpServlet.java:660)
	at org.springframework.web.servlet.FrameworkServlet.service(FrameworkServlet.java:883)
	at javax.servlet.http.HttpServlet.service(HttpServlet.java:741)
	at org.apache.catalina.core.ApplicationFilterChain.internalDoFilter(ApplicationFilterChain.java:231)
	at org.apache.catalina.core.ApplicationFilterChain.doFilter(ApplicationFilterChain.java:166)
	at org.apache.tomcat.websocket.server.WsFilter.doFilter(WsFilter.java:53)
	at org.apache.catalina.core.ApplicationFilterChain.internalDoFilter(ApplicationFilterChain.java:193)
	at org.apache.catalina.core.ApplicationFilterChain.doFilter(ApplicationFilterChain.java:166)
	at org.springframework.web.filter.RequestContextFilter.doFilterInternal(RequestContextFilter.java:100)
	at org.springframework.web.filter.OncePerRequestFilter.doFilter(OncePerRequestFilter.java:119)
	at org.apache.catalina.core.ApplicationFilterChain.internalDoFilter(ApplicationFilterChain.java:193)
	at org.apache.catalina.core.ApplicationFilterChain.doFilter(ApplicationFilterChain.java:166)
	at org.springframework.web.filter.FormContentFilter.doFilterInternal(FormContentFilter.java:93)
	at org.springframework.web.filter.OncePerRequestFilter.doFilter(OncePerRequestFilter.java:119)
	at org.apache.catalina.core.ApplicationFilterChain.internalDoFilter(ApplicationFilterChain.java:193)
	at org.apache.catalina.core.ApplicationFilterChain.doFilter(ApplicationFilterChain.java:166)
	at org.springframework.web.filter.CharacterEncodingFilter.doFilterInternal(CharacterEncodingFilter.java:201)
	at org.springframework.web.filter.OncePerRequestFilter.doFilter(OncePerRequestFilter.java:119)
	at org.apache.catalina.core.ApplicationFilterChain.internalDoFilter(ApplicationFilterChain.java:193)
	at org.apache.catalina.core.ApplicationFilterChain.doFilter(ApplicationFilterChain.java:166)
	at org.apache.catalina.core.StandardWrapperValve.invoke(StandardWrapperValve.java:202)
	at org.apache.catalina.core.StandardContextValve.invoke(StandardContextValve.java:96)
	at org.apache.catalina.authenticator.AuthenticatorBase.invoke(AuthenticatorBase.java:526)
	at org.apache.catalina.core.StandardHostValve.invoke(StandardHostValve.java:139)
	at org.apache.catalina.valves.ErrorReportValve.invoke(ErrorReportValve.java:92)
	at org.apache.catalina.core.StandardEngineValve.invoke(StandardEngineValve.java:74)
	at org.apache.catalina.connector.CoyoteAdapter.service(CoyoteAdapter.java:343)
	at org.apache.coyote.http11.Http11Processor.service(Http11Processor.java:367)
	at org.apache.coyote.AbstractProcessorLight.process(AbstractProcessorLight.java:65)
	at org.apache.coyote.AbstractProtocol$ConnectionHandler.process(AbstractProtocol.java:860)
	at org.apache.tomcat.util.net.NioEndpoint$SocketProcessor.doRun(NioEndpoint.java:1591)
	at org.apache.tomcat.util.net.SocketProcessorBase.run(SocketProcessorBase.java:49)
	at java.util.concurrent.ThreadPoolExecutor.runWorker(ThreadPoolExecutor.java:1149)
	at java.util.concurrent.ThreadPoolExecutor$Worker.run(ThreadPoolExecutor.java:624)
	at org.apache.tomcat.util.threads.TaskThread$WrappingRunnable.run(TaskThread.java:61)
	at java.lang.Thread.run(Thread.java:748)
2021-03-22 12:06:31,062 [SpringContextShutdownHook][][][][] INFO [ExecutorConfigurationSupport.java:208] Shutting down ExecutorService 'applicationTaskExecutor'
2021-03-22 12:06:31,067 [SpringContextShutdownHook][][][][] INFO [AbstractEntityManagerFactoryBean.java:598] Closing JPA EntityManagerFactory for persistence unit 'default'
2021-03-22 12:06:31,078 [SpringContextShutdownHook][][][][] INFO [HikariDataSource.java:350] HikariPool-1 - Shutdown initiated...
2021-03-22 12:06:31,094 [SpringContextShutdownHook][][][][] INFO [HikariDataSource.java:352] HikariPool-1 - Shutdown completed.
2021-03-22 12:06:51,118 [main][][][][] WARN [StartupInfoLogger.java:116] InetAddress.getLocalHost().getHostName() took 5005 milliseconds to respond. Please verify your network configuration (macOS machines may need to add entries to /etc/hosts).
2021-03-22 12:06:56,127 [main][][][][] INFO [StartupInfoLogger.java:55] Starting BackendApplication on raghvendras-MacBook-Pro.local with PID 7626 (/Users/raghvendra.mishra/Data/Project/Tutorial/acko/build/classes/java/main started by raghvendra.mishra in /Users/raghvendra.mishra/Data/Project/Tutorial/acko)
2021-03-22 12:06:56,128 [main][][][][] INFO [SpringApplication.java:651] No active profile set, falling back to default profiles: default
2021-03-22 12:06:56,184 [main][][][][] INFO [ApplicationPropertiesListener.java:18] pre application initialization : start
2021-03-22 12:06:56,881 [main][][][][] INFO [SecretsManagerService.java:40] secret name = dev-sms-rdsinstance1
2021-03-22 12:06:56,882 [main][][][][] INFO [SecretsManagerService.java:48] Secret for key [dev-sms-rdsinstance1] in Region [secretsmanager]
2021-03-22 12:06:57,452 [main][][][][] INFO [ApplicationPropertiesListener.java:25] pre application initialization : end
2021-03-22 12:06:58,120 [main][][][][] INFO [RepositoryConfigurationDelegate.java:127] Bootstrapping Spring Data JPA repositories in DEFAULT mode.
2021-03-22 12:06:58,220 [main][][][][] INFO [RepositoryConfigurationDelegate.java:187] Finished Spring Data repository scanning in 92ms. Found 3 JPA repository interfaces.
2021-03-22 12:06:58,629 [main][][][][] INFO [PostProcessorRegistrationDelegate.java:330] Bean 'org.springframework.transaction.annotation.ProxyTransactionManagementConfiguration' of type [org.springframework.transaction.annotation.ProxyTransactionManagementConfiguration] is not eligible for getting processed by all BeanPostProcessors (for example: not eligible for auto-proxying)
2021-03-22 12:06:58,999 [main][][][][] INFO [TomcatWebServer.java:92] Tomcat initialized with port(s): 8080 (http)
2021-03-22 12:06:59,014 [main][][][][] INFO [DirectJDKLog.java:173] Initializing ProtocolHandler ["http-nio-8080"]
2021-03-22 12:06:59,015 [main][][][][] INFO [DirectJDKLog.java:173] Starting service [Tomcat]
2021-03-22 12:06:59,015 [main][][][][] INFO [DirectJDKLog.java:173] Starting Servlet engine: [Apache Tomcat/9.0.29]
2021-03-22 12:06:59,235 [main][][][][] INFO [DirectJDKLog.java:173] Initializing Spring embedded WebApplicationContext
2021-03-22 12:06:59,235 [main][][][][] INFO [ServletWebServerApplicationContext.java:284] Root WebApplicationContext: initialization completed in 1782 ms
2021-03-22 12:06:59,439 [main][][][][] INFO [LogHelper.java:31] HHH000204: Processing PersistenceUnitInfo [name: default]
2021-03-22 12:06:59,513 [main][][][][] INFO [Version.java:46] HHH000412: Hibernate Core {5.4.9.Final}
2021-03-22 12:06:59,677 [main][][][][] INFO [JavaReflectionManager.java:49] HCANN000001: Hibernate Commons Annotations {5.1.0.Final}
2021-03-22 12:06:59,798 [main][][][][] INFO [HikariDataSource.java:110] HikariPool-1 - Starting...
2021-03-22 12:07:00,587 [main][][][][] INFO [HikariDataSource.java:123] HikariPool-1 - Start completed.
2021-03-22 12:07:00,611 [main][][][][] INFO [Dialect.java:172] HHH000400: Using dialect: org.hibernate.dialect.PostgreSQL95Dialect
2021-03-22 12:07:06,554 [main][][][][] INFO [JtaPlatformInitiator.java:52] HHH000490: Using JtaPlatform implementation: [org.hibernate.engine.transaction.jta.platform.internal.NoJtaPlatform]
2021-03-22 12:07:06,560 [main][][][][] INFO [AbstractEntityManagerFactoryBean.java:416] Initialized JPA EntityManagerFactory for persistence unit 'default'
2021-03-22 12:07:07,072 [main][][][][] WARN [JpaBaseConfiguration.java:220] spring.jpa.open-in-view is enabled by default. Therefore, database queries may be performed during view rendering. Explicitly configure spring.jpa.open-in-view to disable this warning
2021-03-22 12:07:07,208 [main][][][][] INFO [ExecutorConfigurationSupport.java:171] Initializing ExecutorService 'applicationTaskExecutor'
2021-03-22 12:07:07,468 [main][][][][] INFO [DirectJDKLog.java:173] Starting ProtocolHandler ["http-nio-8080"]
2021-03-22 12:07:07,506 [main][][][][] INFO [TomcatWebServer.java:204] Tomcat started on port(s): 8080 (http) with context path ''
2021-03-22 12:07:07,508 [main][][][][] INFO [StartupInfoLogger.java:61] Started BackendApplication in 31.873 seconds (JVM running for 32.418)
2021-03-22 12:08:37,536 [http-nio-8080-exec-1][][][][] INFO [DirectJDKLog.java:173] Initializing Spring DispatcherServlet 'dispatcherServlet'
2021-03-22 12:08:37,536 [http-nio-8080-exec-1][][][][] INFO [FrameworkServlet.java:525] Initializing Servlet 'dispatcherServlet'
2021-03-22 12:08:37,577 [http-nio-8080-exec-1][][][][] INFO [FrameworkServlet.java:547] Completed initialization in 40 ms
2021-03-22 12:08:37,724 [http-nio-8080-exec-1][][][][] INFO [DeveloperController.java:49] Request : 
2021-03-22 12:08:38,104 [http-nio-8080-exec-1][][][][] WARN [SqlExceptionHelper.java:137] SQL Error: 0, SQLState: 23502
2021-03-22 12:08:38,104 [http-nio-8080-exec-1][][][][] ERROR [SqlExceptionHelper.java:142] ERROR: null value in column "id" violates not-null constraint
  Detail: Failing row contains (null, claims, -1, -1, 2021-03-22 12:08:37.976, 2021-03-22 12:08:37.976, f).
2021-03-22 12:08:38,156 [http-nio-8080-exec-1][][][][] ERROR [DeveloperController.java:57] Exception : 
org.springframework.dao.DataIntegrityViolationException: could not execute statement; SQL [n/a]; constraint [id]; nested exception is org.hibernate.exception.ConstraintViolationException: could not execute statement
	at org.springframework.orm.jpa.vendor.HibernateJpaDialect.convertHibernateAccessException(HibernateJpaDialect.java:298)
	at org.springframework.orm.jpa.vendor.HibernateJpaDialect.translateExceptionIfPossible(HibernateJpaDialect.java:255)
	at org.springframework.orm.jpa.AbstractEntityManagerFactoryBean.translateExceptionIfPossible(AbstractEntityManagerFactoryBean.java:528)
	at org.springframework.dao.support.ChainedPersistenceExceptionTranslator.translateExceptionIfPossible(ChainedPersistenceExceptionTranslator.java:61)
	at org.springframework.dao.support.DataAccessUtils.translateIfNecessary(DataAccessUtils.java:242)
	at org.springframework.dao.support.PersistenceExceptionTranslationInterceptor.invoke(PersistenceExceptionTranslationInterceptor.java:153)
	at org.springframework.aop.framework.ReflectiveMethodInvocation.proceed(ReflectiveMethodInvocation.java:186)
	at org.springframework.data.jpa.repository.support.CrudMethodMetadataPostProcessor$CrudMethodMetadataPopulatingMethodInterceptor.invoke(CrudMethodMetadataPostProcessor.java:178)
	at org.springframework.aop.framework.ReflectiveMethodInvocation.proceed(ReflectiveMethodInvocation.java:186)
	at org.springframework.aop.interceptor.ExposeInvocationInterceptor.invoke(ExposeInvocationInterceptor.java:93)
	at org.springframework.aop.framework.ReflectiveMethodInvocation.proceed(ReflectiveMethodInvocation.java:186)
	at org.springframework.aop.framework.JdkDynamicAopProxy.invoke(JdkDynamicAopProxy.java:212)
	at com.sun.proxy.$Proxy108.saveAndFlush(Unknown Source)
	at com.larztalk.backend.team.TeamService.createTeam(TeamService.java:26)
	at com.larztalk.backend.developer.DeveloperService.mapDevelopers(DeveloperService.java:38)
	at com.larztalk.backend.developer.DeveloperController.create(DeveloperController.java:52)
	at sun.reflect.NativeMethodAccessorImpl.invoke0(Native Method)
	at sun.reflect.NativeMethodAccessorImpl.invoke(NativeMethodAccessorImpl.java:62)
	at sun.reflect.DelegatingMethodAccessorImpl.invoke(DelegatingMethodAccessorImpl.java:43)
	at java.lang.reflect.Method.invoke(Method.java:498)
	at org.springframework.web.method.support.InvocableHandlerMethod.doInvoke(InvocableHandlerMethod.java:190)
	at org.springframework.web.method.support.InvocableHandlerMethod.invokeForRequest(InvocableHandlerMethod.java:138)
	at org.springframework.web.servlet.mvc.method.annotation.ServletInvocableHandlerMethod.invokeAndHandle(ServletInvocableHandlerMethod.java:106)
	at org.springframework.web.servlet.mvc.method.annotation.RequestMappingHandlerAdapter.invokeHandlerMethod(RequestMappingHandlerAdapter.java:888)
	at org.springframework.web.servlet.mvc.method.annotation.RequestMappingHandlerAdapter.handleInternal(RequestMappingHandlerAdapter.java:793)
	at org.springframework.web.servlet.mvc.method.AbstractHandlerMethodAdapter.handle(AbstractHandlerMethodAdapter.java:87)
	at org.springframework.web.servlet.DispatcherServlet.doDispatch(DispatcherServlet.java:1040)
	at org.springframework.web.servlet.DispatcherServlet.doService(DispatcherServlet.java:943)
	at org.springframework.web.servlet.FrameworkServlet.processRequest(FrameworkServlet.java:1006)
	at org.springframework.web.servlet.FrameworkServlet.doPost(FrameworkServlet.java:909)
	at javax.servlet.http.HttpServlet.service(HttpServlet.java:660)
	at org.springframework.web.servlet.FrameworkServlet.service(FrameworkServlet.java:883)
	at javax.servlet.http.HttpServlet.service(HttpServlet.java:741)
	at org.apache.catalina.core.ApplicationFilterChain.internalDoFilter(ApplicationFilterChain.java:231)
	at org.apache.catalina.core.ApplicationFilterChain.doFilter(ApplicationFilterChain.java:166)
	at org.apache.tomcat.websocket.server.WsFilter.doFilter(WsFilter.java:53)
	at org.apache.catalina.core.ApplicationFilterChain.internalDoFilter(ApplicationFilterChain.java:193)
	at org.apache.catalina.core.ApplicationFilterChain.doFilter(ApplicationFilterChain.java:166)
	at org.springframework.web.filter.RequestContextFilter.doFilterInternal(RequestContextFilter.java:100)
	at org.springframework.web.filter.OncePerRequestFilter.doFilter(OncePerRequestFilter.java:119)
	at org.apache.catalina.core.ApplicationFilterChain.internalDoFilter(ApplicationFilterChain.java:193)
	at org.apache.catalina.core.ApplicationFilterChain.doFilter(ApplicationFilterChain.java:166)
	at org.springframework.web.filter.FormContentFilter.doFilterInternal(FormContentFilter.java:93)
	at org.springframework.web.filter.OncePerRequestFilter.doFilter(OncePerRequestFilter.java:119)
	at org.apache.catalina.core.ApplicationFilterChain.internalDoFilter(ApplicationFilterChain.java:193)
	at org.apache.catalina.core.ApplicationFilterChain.doFilter(ApplicationFilterChain.java:166)
	at org.springframework.web.filter.CharacterEncodingFilter.doFilterInternal(CharacterEncodingFilter.java:201)
	at org.springframework.web.filter.OncePerRequestFilter.doFilter(OncePerRequestFilter.java:119)
	at org.apache.catalina.core.ApplicationFilterChain.internalDoFilter(ApplicationFilterChain.java:193)
	at org.apache.catalina.core.ApplicationFilterChain.doFilter(ApplicationFilterChain.java:166)
	at org.apache.catalina.core.StandardWrapperValve.invoke(StandardWrapperValve.java:202)
	at org.apache.catalina.core.StandardContextValve.invoke(StandardContextValve.java:96)
	at org.apache.catalina.authenticator.AuthenticatorBase.invoke(AuthenticatorBase.java:526)
	at org.apache.catalina.core.StandardHostValve.invoke(StandardHostValve.java:139)
	at org.apache.catalina.valves.ErrorReportValve.invoke(ErrorReportValve.java:92)
	at org.apache.catalina.core.StandardEngineValve.invoke(StandardEngineValve.java:74)
	at org.apache.catalina.connector.CoyoteAdapter.service(CoyoteAdapter.java:343)
	at org.apache.coyote.http11.Http11Processor.service(Http11Processor.java:367)
	at org.apache.coyote.AbstractProcessorLight.process(AbstractProcessorLight.java:65)
	at org.apache.coyote.AbstractProtocol$ConnectionHandler.process(AbstractProtocol.java:860)
	at org.apache.tomcat.util.net.NioEndpoint$SocketProcessor.doRun(NioEndpoint.java:1591)
	at org.apache.tomcat.util.net.SocketProcessorBase.run(SocketProcessorBase.java:49)
	at java.util.concurrent.ThreadPoolExecutor.runWorker(ThreadPoolExecutor.java:1149)
	at java.util.concurrent.ThreadPoolExecutor$Worker.run(ThreadPoolExecutor.java:624)
	at org.apache.tomcat.util.threads.TaskThread$WrappingRunnable.run(TaskThread.java:61)
	at java.lang.Thread.run(Thread.java:748)
Caused by: org.hibernate.exception.ConstraintViolationException: could not execute statement
	at org.hibernate.exception.internal.SQLStateConversionDelegate.convert(SQLStateConversionDelegate.java:109)
	at org.hibernate.exception.internal.StandardSQLExceptionConverter.convert(StandardSQLExceptionConverter.java:42)
	at org.hibernate.engine.jdbc.spi.SqlExceptionHelper.convert(SqlExceptionHelper.java:113)
	at org.hibernate.engine.jdbc.spi.SqlExceptionHelper.convert(SqlExceptionHelper.java:99)
	at org.hibernate.engine.jdbc.internal.ResultSetReturnImpl.executeUpdate(ResultSetReturnImpl.java:200)
	at org.hibernate.dialect.identity.GetGeneratedKeysDelegate.executeAndExtract(GetGeneratedKeysDelegate.java:57)
	at org.hibernate.id.insert.AbstractReturningDelegate.performInsert(AbstractReturningDelegate.java:43)
	at org.hibernate.persister.entity.AbstractEntityPersister.insert(AbstractEntityPersister.java:3106)
	at org.hibernate.persister.entity.AbstractEntityPersister.insert(AbstractEntityPersister.java:3699)
	at org.hibernate.action.internal.EntityIdentityInsertAction.execute(EntityIdentityInsertAction.java:84)
	at org.hibernate.engine.spi.ActionQueue.execute(ActionQueue.java:645)
	at org.hibernate.engine.spi.ActionQueue.addResolvedEntityInsertAction(ActionQueue.java:282)
	at org.hibernate.engine.spi.ActionQueue.addInsertAction(ActionQueue.java:263)
	at org.hibernate.engine.spi.ActionQueue.addAction(ActionQueue.java:317)
	at org.hibernate.event.internal.AbstractSaveEventListener.addInsertAction(AbstractSaveEventListener.java:335)
	at org.hibernate.event.internal.AbstractSaveEventListener.performSaveOrReplicate(AbstractSaveEventListener.java:292)
	at org.hibernate.event.internal.AbstractSaveEventListener.performSave(AbstractSaveEventListener.java:198)
	at org.hibernate.event.internal.AbstractSaveEventListener.saveWithGeneratedId(AbstractSaveEventListener.java:128)
	at org.hibernate.event.internal.DefaultPersistEventListener.entityIsTransient(DefaultPersistEventListener.java:192)
	at org.hibernate.event.internal.DefaultPersistEventListener.onPersist(DefaultPersistEventListener.java:135)
	at org.hibernate.event.internal.DefaultPersistEventListener.onPersist(DefaultPersistEventListener.java:62)
	at org.hibernate.event.service.internal.EventListenerGroupImpl.fireEventOnEachListener(EventListenerGroupImpl.java:108)
	at org.hibernate.internal.SessionImpl.firePersist(SessionImpl.java:702)
	at org.hibernate.internal.SessionImpl.persist(SessionImpl.java:688)
	at sun.reflect.NativeMethodAccessorImpl.invoke0(Native Method)
	at sun.reflect.NativeMethodAccessorImpl.invoke(NativeMethodAccessorImpl.java:62)
	at sun.reflect.DelegatingMethodAccessorImpl.invoke(DelegatingMethodAccessorImpl.java:43)
	at java.lang.reflect.Method.invoke(Method.java:498)
	at org.springframework.orm.jpa.ExtendedEntityManagerCreator$ExtendedEntityManagerInvocationHandler.invoke(ExtendedEntityManagerCreator.java:368)
	at com.sun.proxy.$Proxy96.persist(Unknown Source)
	at sun.reflect.NativeMethodAccessorImpl.invoke0(Native Method)
	at sun.reflect.NativeMethodAccessorImpl.invoke(NativeMethodAccessorImpl.java:62)
	at sun.reflect.DelegatingMethodAccessorImpl.invoke(DelegatingMethodAccessorImpl.java:43)
	at java.lang.reflect.Method.invoke(Method.java:498)
	at org.springframework.orm.jpa.SharedEntityManagerCreator$SharedEntityManagerInvocationHandler.invoke(SharedEntityManagerCreator.java:314)
	at com.sun.proxy.$Proxy96.persist(Unknown Source)
	at org.springframework.data.jpa.repository.support.SimpleJpaRepository.save(SimpleJpaRepository.java:554)
	at org.springframework.data.jpa.repository.support.SimpleJpaRepository.saveAndFlush(SimpleJpaRepository.java:569)
	at sun.reflect.NativeMethodAccessorImpl.invoke0(Native Method)
	at sun.reflect.NativeMethodAccessorImpl.invoke(NativeMethodAccessorImpl.java:62)
	at sun.reflect.DelegatingMethodAccessorImpl.invoke(DelegatingMethodAccessorImpl.java:43)
	at java.lang.reflect.Method.invoke(Method.java:498)
	at org.springframework.data.repository.core.support.RepositoryComposition$RepositoryFragments.invoke(RepositoryComposition.java:371)
	at org.springframework.data.repository.core.support.RepositoryComposition.invoke(RepositoryComposition.java:204)
	at org.springframework.data.repository.core.support.RepositoryFactorySupport$ImplementationMethodExecutionInterceptor.invoke(RepositoryFactorySupport.java:657)
	at org.springframework.aop.framework.ReflectiveMethodInvocation.proceed(ReflectiveMethodInvocation.java:186)
	at org.springframework.data.repository.core.support.RepositoryFactorySupport$QueryExecutorMethodInterceptor.doInvoke(RepositoryFactorySupport.java:621)
	at org.springframework.data.repository.core.support.RepositoryFactorySupport$QueryExecutorMethodInterceptor.invoke(RepositoryFactorySupport.java:605)
	at org.springframework.aop.framework.ReflectiveMethodInvocation.proceed(ReflectiveMethodInvocation.java:186)
	at org.springframework.data.projection.DefaultMethodInvokingMethodInterceptor.invoke(DefaultMethodInvokingMethodInterceptor.java:80)
	at org.springframework.aop.framework.ReflectiveMethodInvocation.proceed(ReflectiveMethodInvocation.java:186)
	at org.springframework.transaction.interceptor.TransactionAspectSupport.invokeWithinTransaction(TransactionAspectSupport.java:366)
	at org.springframework.transaction.interceptor.TransactionInterceptor.invoke(TransactionInterceptor.java:99)
	at org.springframework.aop.framework.ReflectiveMethodInvocation.proceed(ReflectiveMethodInvocation.java:186)
	at org.springframework.dao.support.PersistenceExceptionTranslationInterceptor.invoke(PersistenceExceptionTranslationInterceptor.java:139)
	... 60 common frames omitted
Caused by: org.postgresql.util.PSQLException: ERROR: null value in column "id" violates not-null constraint
  Detail: Failing row contains (null, claims, -1, -1, 2021-03-22 12:08:37.976, 2021-03-22 12:08:37.976, f).
	at org.postgresql.core.v3.QueryExecutorImpl.receiveErrorResponse(QueryExecutorImpl.java:2497)
	at org.postgresql.core.v3.QueryExecutorImpl.processResults(QueryExecutorImpl.java:2233)
	at org.postgresql.core.v3.QueryExecutorImpl.execute(QueryExecutorImpl.java:310)
	at org.postgresql.jdbc.PgStatement.executeInternal(PgStatement.java:446)
	at org.postgresql.jdbc.PgStatement.execute(PgStatement.java:370)
	at org.postgresql.jdbc.PgPreparedStatement.executeWithFlags(PgPreparedStatement.java:149)
	at org.postgresql.jdbc.PgPreparedStatement.executeUpdate(PgPreparedStatement.java:124)
	at com.zaxxer.hikari.pool.ProxyPreparedStatement.executeUpdate(ProxyPreparedStatement.java:61)
	at com.zaxxer.hikari.pool.HikariProxyPreparedStatement.executeUpdate(HikariProxyPreparedStatement.java)
	at org.hibernate.engine.jdbc.internal.ResultSetReturnImpl.executeUpdate(ResultSetReturnImpl.java:197)
	... 110 common frames omitted
2021-03-22 12:08:38,173 [http-nio-8080-exec-1][][][][] INFO [DeveloperController.java:60] Response : {"success":false,"message":"Something went wrong.","code":"EXCEPTION"}
2021-03-22 12:18:58,167 [SpringContextShutdownHook][][][][] INFO [ExecutorConfigurationSupport.java:208] Shutting down ExecutorService 'applicationTaskExecutor'
2021-03-22 12:18:58,172 [SpringContextShutdownHook][][][][] INFO [AbstractEntityManagerFactoryBean.java:598] Closing JPA EntityManagerFactory for persistence unit 'default'
2021-03-22 12:18:58,185 [SpringContextShutdownHook][][][][] INFO [HikariDataSource.java:350] HikariPool-1 - Shutdown initiated...
2021-03-22 12:18:58,203 [SpringContextShutdownHook][][][][] INFO [HikariDataSource.java:352] HikariPool-1 - Shutdown completed.
